mode: atomic
thiagofelipe.com.br/sistema-faculdade/data/database/mariadb/administrativo.go:16.83,20.2 2 0
thiagofelipe.com.br/sistema-faculdade/data/database/mariadb/administrativo.go:24.89,28.2 2 0
thiagofelipe.com.br/sistema-faculdade/data/database/mariadb/administrativo.go:31.87,35.2 2 0
thiagofelipe.com.br/sistema-faculdade/data/database/mariadb/administrativo.go:38.60,42.2 2 0
thiagofelipe.com.br/sistema-faculdade/data/database/mariadb/aluno.go:15.65,19.2 2 0
thiagofelipe.com.br/sistema-faculdade/data/database/mariadb/aluno.go:22.71,26.2 2 0
thiagofelipe.com.br/sistema-faculdade/data/database/mariadb/aluno.go:29.69,33.2 2 0
thiagofelipe.com.br/sistema-faculdade/data/database/mariadb/aluno.go:36.51,40.2 2 0
thiagofelipe.com.br/sistema-faculdade/data/database/mariadb/curso.go:19.94,22.26 2 6
thiagofelipe.com.br/sistema-faculdade/data/database/mariadb/curso.go:26.2,30.38 3 5
thiagofelipe.com.br/sistema-faculdade/data/database/mariadb/curso.go:43.2,46.17 3 5
thiagofelipe.com.br/sistema-faculdade/data/database/mariadb/curso.go:53.2,53.12 1 4
thiagofelipe.com.br/sistema-faculdade/data/database/mariadb/curso.go:22.26,24.3 1 1
thiagofelipe.com.br/sistema-faculdade/data/database/mariadb/curso.go:30.38,41.3 2 91
thiagofelipe.com.br/sistema-faculdade/data/database/mariadb/curso.go:46.17,51.3 2 1
thiagofelipe.com.br/sistema-faculdade/data/database/mariadb/curso.go:57.71,70.17 4 5
thiagofelipe.com.br/sistema-faculdade/data/database/mariadb/curso.go:78.2,78.46 1 4
thiagofelipe.com.br/sistema-faculdade/data/database/mariadb/curso.go:70.17,76.3 2 1
thiagofelipe.com.br/sistema-faculdade/data/database/mariadb/curso.go:83.96,87.2 2 0
thiagofelipe.com.br/sistema-faculdade/data/database/mariadb/curso.go:91.80,95.2 2 0
thiagofelipe.com.br/sistema-faculdade/data/database/mariadb/curso.go:99.91,107.17 4 10
thiagofelipe.com.br/sistema-faculdade/data/database/mariadb/curso.go:115.2,117.20 2 8
thiagofelipe.com.br/sistema-faculdade/data/database/mariadb/curso.go:142.2,142.38 1 8
thiagofelipe.com.br/sistema-faculdade/data/database/mariadb/curso.go:151.2,151.24 1 8
thiagofelipe.com.br/sistema-faculdade/data/database/mariadb/curso.go:107.17,114.3 2 2
thiagofelipe.com.br/sistema-faculdade/data/database/mariadb/curso.go:117.20,129.18 3 45
thiagofelipe.com.br/sistema-faculdade/data/database/mariadb/curso.go:138.3,138.42 1 45
thiagofelipe.com.br/sistema-faculdade/data/database/mariadb/curso.go:129.18,136.4 2 0
thiagofelipe.com.br/sistema-faculdade/data/database/mariadb/curso.go:142.38,149.3 2 0
thiagofelipe.com.br/sistema-faculdade/data/database/mariadb/curso.go:155.72,160.67 3 7
thiagofelipe.com.br/sistema-faculdade/data/database/mariadb/curso.go:170.2,185.17 6 6
thiagofelipe.com.br/sistema-faculdade/data/database/mariadb/curso.go:201.2,201.20 1 4
thiagofelipe.com.br/sistema-faculdade/data/database/mariadb/curso.go:160.67,168.3 2 1
thiagofelipe.com.br/sistema-faculdade/data/database/mariadb/curso.go:185.17,186.28 1 2
thiagofelipe.com.br/sistema-faculdade/data/database/mariadb/curso.go:194.3,198.55 2 1
thiagofelipe.com.br/sistema-faculdade/data/database/mariadb/curso.go:186.28,192.4 2 1
thiagofelipe.com.br/sistema-faculdade/data/database/mariadb/curso.go:206.63,210.2 2 4
thiagofelipe.com.br/sistema-faculdade/data/database/mariadb/curso.go:213.54,217.2 2 4
thiagofelipe.com.br/sistema-faculdade/data/database/mariadb/main.go:23.56,25.16 2 3
thiagofelipe.com.br/sistema-faculdade/data/database/mariadb/main.go:29.2,29.16 1 2
thiagofelipe.com.br/sistema-faculdade/data/database/mariadb/main.go:25.16,27.3 1 1
thiagofelipe.com.br/sistema-faculdade/data/database/mariadb/main.go:32.63,38.2 1 5
thiagofelipe.com.br/sistema-faculdade/data/database/mariadb/pessoa.go:18.74,33.16 4 11
thiagofelipe.com.br/sistema-faculdade/data/database/mariadb/pessoa.go:41.2,41.12 1 9
thiagofelipe.com.br/sistema-faculdade/data/database/mariadb/pessoa.go:33.16,39.3 2 2
thiagofelipe.com.br/sistema-faculdade/data/database/mariadb/pessoa.go:45.83,61.16 4 3
thiagofelipe.com.br/sistema-faculdade/data/database/mariadb/pessoa.go:68.2,68.12 1 2
thiagofelipe.com.br/sistema-faculdade/data/database/mariadb/pessoa.go:61.16,67.3 2 1
thiagofelipe.com.br/sistema-faculdade/data/database/mariadb/pessoa.go:72.74,90.16 6 15
thiagofelipe.com.br/sistema-faculdade/data/database/mariadb/pessoa.go:108.2,108.21 1 11
thiagofelipe.com.br/sistema-faculdade/data/database/mariadb/pessoa.go:90.16,92.27 1 4
thiagofelipe.com.br/sistema-faculdade/data/database/mariadb/pessoa.go:100.3,104.55 2 1
thiagofelipe.com.br/sistema-faculdade/data/database/mariadb/pessoa.go:92.27,98.4 2 3
thiagofelipe.com.br/sistema-faculdade/data/database/mariadb/pessoa.go:112.55,119.16 4 13
thiagofelipe.com.br/sistema-faculdade/data/database/mariadb/pessoa.go:128.2,128.12 1 12
thiagofelipe.com.br/sistema-faculdade/data/database/mariadb/pessoa.go:119.16,126.3 2 1
thiagofelipe.com.br/sistema-faculdade/data/database/mariadb/professor.go:15.73,19.2 2 0
thiagofelipe.com.br/sistema-faculdade/data/database/mariadb/professor.go:23.79,27.2 2 0
thiagofelipe.com.br/sistema-faculdade/data/database/mariadb/professor.go:30.77,34.2 2 0
thiagofelipe.com.br/sistema-faculdade/data/database/mariadb/professor.go:37.55,41.2 2 0
